<?xml version="1.0" encoding="UTF-8"?>
<!-- Generated by org.testng.reporters.JUnitXMLReporter -->
<testsuite hostname="Qualitest-PC" name="Default test" tests="78" failures="0" timestamp="30 Mar 2018 03:35:00 GMT" time="0.269" errors="0">
  <testcase name="TestAddition1" time="0.023" classname="com.latch.org.testCalculator.AdditionTest"/>
  <testcase name="TestAddition2" time="0.002" classname="com.latch.org.testCalculator.AdditionTest"/>
  <testcase name="TestAddition3" time="0.002" classname="com.latch.org.testCalculator.AdditionTest"/>
  <testcase name="TestAddition4" time="0.001" classname="com.latch.org.testCalculator.AdditionTest"/>
  <testcase name="TestAddition5" time="0.002" classname="com.latch.org.testCalculator.AdditionTest"/>
  <testcase name="TestAddition6" time="0.002" classname="com.latch.org.testCalculator.AdditionTest"/>
  <testcase name="TestMultiplication1" time="0.003" classname="com.latch.org.testCalculator.MultiplicationTest"/>
  <testcase name="TestMultiplication2" time="0.003" classname="com.latch.org.testCalculator.MultiplicationTest"/>
  <testcase name="TestMultiplication3" time="0.001" classname="com.latch.org.testCalculator.MultiplicationTest"/>
  <testcase name="TestMultiplication4" time="0.001" classname="com.latch.org.testCalculator.MultiplicationTest"/>
  <testcase name="TestMultiplication5" time="0.002" classname="com.latch.org.testCalculator.MultiplicationTest"/>
  <testcase name="TestMultiplication6" time="0.002" classname="com.latch.org.testCalculator.MultiplicationTest"/>
  <testcase name="TestMultiplication7" time="0.001" classname="com.latch.org.testCalculator.MultiplicationTest"/>
  <testcase name="TestMultiplication8" time="0.002" classname="com.latch.org.testCalculator.MultiplicationTest"/>
  <testcase name="TestDivideByZero1" time="0.002" classname="com.latch.org.testCalculator.DivisionTest"/>
  <testcase name="TestDivideByZero2" time="0.001" classname="com.latch.org.testCalculator.DivisionTest"/>
  <testcase name="TestDivision1" time="0.004" classname="com.latch.org.testCalculator.DivisionTest"/>
  <testcase name="TestDivision2" time="0.001" classname="com.latch.org.testCalculator.DivisionTest"/>
  <testcase name="TestDivision3" time="0.001" classname="com.latch.org.testCalculator.DivisionTest"/>
  <testcase name="TestDivision4" time="0.002" classname="com.latch.org.testCalculator.DivisionTest"/>
  <testcase name="TestDivision5" time="0.002" classname="com.latch.org.testCalculator.DivisionTest"/>
  <testcase name="TestDivision6" time="0.001" classname="com.latch.org.testCalculator.DivisionTest"/>
  <testcase name="TestDivision7" time="0.006" classname="com.latch.org.testCalculator.DivisionTest"/>
  <testcase name="TestDivision8" time="0.001" classname="com.latch.org.testCalculator.DivisionTest"/>
  <testcase name="TestDivision9" time="0.003" classname="com.latch.org.testCalculator.DivisionTest"/>
  <testcase name="TestMean1" time="0.002" classname="com.latch.org.testCalculator.MeanOperationTest"/>
  <testcase name="TestMean2" time="0.002" classname="com.latch.org.testCalculator.MeanOperationTest"/>
  <testcase name="TestMean3" time="0.002" classname="com.latch.org.testCalculator.MeanOperationTest"/>
  <testcase name="TestMean4" time="0.001" classname="com.latch.org.testCalculator.MeanOperationTest"/>
  <testcase name="TestMean5" time="0.002" classname="com.latch.org.testCalculator.MeanOperationTest"/>
  <testcase name="TestMean6" time="0.001" classname="com.latch.org.testCalculator.MeanOperationTest"/>
  <testcase name="TestMean7" time="0.003" classname="com.latch.org.testCalculator.MeanOperationTest"/>
  <testcase name="TestMeanWithNullInputs" time="0.002" classname="com.latch.org.testCalculator.MeanOperationTest"/>
  <testcase name="TestPower1" time="0.001" classname="com.latch.org.testCalculator.PowerOperationTest"/>
  <testcase name="TestPower10" time="0.009" classname="com.latch.org.testCalculator.PowerOperationTest"/>
  <testcase name="TestPower12" time="0.001" classname="com.latch.org.testCalculator.PowerOperationTest"/>
  <testcase name="TestPower13" time="0.001" classname="com.latch.org.testCalculator.PowerOperationTest"/>
  <testcase name="TestPower14" time="0.001" classname="com.latch.org.testCalculator.PowerOperationTest"/>
  <testcase name="TestPower15" time="0.0" classname="com.latch.org.testCalculator.PowerOperationTest"/>
  <testcase name="TestPower16" time="0.001" classname="com.latch.org.testCalculator.PowerOperationTest"/>
  <testcase name="TestPower17" time="0.001" classname="com.latch.org.testCalculator.PowerOperationTest"/>
  <testcase name="TestPower18" time="0.001" classname="com.latch.org.testCalculator.PowerOperationTest"/>
  <testcase name="TestPower19" time="0.001" classname="com.latch.org.testCalculator.PowerOperationTest"/>
  <testcase name="TestPower2" time="0.001" classname="com.latch.org.testCalculator.PowerOperationTest"/>
  <testcase name="TestPower21" time="0.001" classname="com.latch.org.testCalculator.PowerOperationTest"/>
  <testcase name="TestPower22" time="0.001" classname="com.latch.org.testCalculator.PowerOperationTest"/>
  <testcase name="TestPower23" time="0.001" classname="com.latch.org.testCalculator.PowerOperationTest"/>
  <testcase name="TestPower24" time="0.001" classname="com.latch.org.testCalculator.PowerOperationTest"/>
  <testcase name="TestPower25" time="0.001" classname="com.latch.org.testCalculator.PowerOperationTest"/>
  <testcase name="TestPower26" time="0.001" classname="com.latch.org.testCalculator.PowerOperationTest"/>
  <testcase name="TestPower27" time="0.0" classname="com.latch.org.testCalculator.PowerOperationTest"/>
  <testcase name="TestPower28" time="0.001" classname="com.latch.org.testCalculator.PowerOperationTest"/>
  <testcase name="TestPower29" time="0.0" classname="com.latch.org.testCalculator.PowerOperationTest"/>
  <testcase name="TestPower3" time="0.001" classname="com.latch.org.testCalculator.PowerOperationTest"/>
  <testcase name="TestPower30" time="0.0" classname="com.latch.org.testCalculator.PowerOperationTest"/>
  <testcase name="TestPower31" time="0.001" classname="com.latch.org.testCalculator.PowerOperationTest"/>
  <testcase name="TestPower32" time="0.001" classname="com.latch.org.testCalculator.PowerOperationTest"/>
  <testcase name="TestPower4" time="0.0" classname="com.latch.org.testCalculator.PowerOperationTest"/>
  <testcase name="TestPower5" time="0.001" classname="com.latch.org.testCalculator.PowerOperationTest"/>
  <testcase name="TestPower6" time="0.0" classname="com.latch.org.testCalculator.PowerOperationTest"/>
  <testcase name="TestPower7" time="0.001" classname="com.latch.org.testCalculator.PowerOperationTest"/>
  <testcase name="TestPower8" time="0.001" classname="com.latch.org.testCalculator.PowerOperationTest"/>
  <testcase name="TestPower9" time="0.006" classname="com.latch.org.testCalculator.PowerOperationTest"/>
  <testcase name="TestPrintRange1" time="0.005" classname="com.latch.org.testCalculator.PrintRangeTest"/>
  <testcase name="TestPrintRange2" time="0.001" classname="com.latch.org.testCalculator.PrintRangeTest"/>
  <testcase name="TestPrintRange4" time="0.001" classname="com.latch.org.testCalculator.PrintRangeTest"/>
  <testcase name="TestSquareRoot1" time="0.001" classname="com.latch.org.testCalculator.SquareRootTest"/>
  <testcase name="TestSquareRoot2" time="0.001" classname="com.latch.org.testCalculator.SquareRootTest"/>
  <testcase name="TestSquareRoot3" time="0.001" classname="com.latch.org.testCalculator.SquareRootTest"/>
  <testcase name="TestSquareRoot4" time="0.002" classname="com.latch.org.testCalculator.SquareRootTest"/>
  <testcase name="TestSquareRoot5" time="0.0" classname="com.latch.org.testCalculator.SquareRootTest"/>
  <testcase name="TestSquareRoot6" time="0.001" classname="com.latch.org.testCalculator.SquareRootTest"/>
  <testcase name="TestSutraction1" time="0.002" classname="com.latch.org.testCalculator.SubtractionTest"/>
  <testcase name="TestSutraction2" time="0.001" classname="com.latch.org.testCalculator.SubtractionTest"/>
  <testcase name="TestSutraction3" time="0.001" classname="com.latch.org.testCalculator.SubtractionTest"/>
  <testcase name="TestSutraction4" time="0.002" classname="com.latch.org.testCalculator.SubtractionTest"/>
  <testcase name="TestSutraction5" time="0.002" classname="com.latch.org.testCalculator.SubtractionTest"/>
  <testcase name="TestSutraction6" time="0.001" classname="com.latch.org.testCalculator.SubtractionTest"/>
</testsuite> <!-- Default test -->
